#
# There is insufficient memory for the Java Runtime Environment to continue.
# Native memory allocation (malloc) failed to allocate 16384 bytes. Error detail: AllocateHeap
# Possible reasons:
#   The system is out of physical RAM or swap space
#   This process is running with CompressedOops enabled, and the Java Heap may be blocking the growth of the native heap
# Possible solutions:
#   Reduce memory load on the system
#   Increase physical memory or swap space
#   Check if swap backing store is full
#   Decrease Java heap size (-Xmx/-Xms)
#   Decrease number of Java threads
#   Decrease Java thread stack sizes (-Xss)
#   Set larger code cache with -XX:ReservedCodeCacheSize=
#   JVM is running with Unscaled Compressed Oops mode in which the Java heap is
#     placed in the first 4GB address space. The Java Heap base address is the
#     maximum limit for the native heap growth. Please use -XX:HeapBaseMinAddress
#     to set the Java Heap base and to place the Java Heap above 4GB virtual address.
# This output file may be truncated or incomplete.
#
#  Out of Memory Error (allocation.cpp:44), pid=13568, tid=4356
#
# JRE version:  (23.0.1+11) (build )
# Java VM: Java HotSpot(TM) 64-Bit Server VM (23.0.1+11-39, mixed mode, sharing, tiered, compressed oops, compressed class ptrs, g1 gc, windows-amd64)
# No core dump will be written. Minidumps are not enabled by default on client versions of Windows
#

---------------  S U M M A R Y ------------

Command Line: -Dfile.encoding=UTF-8 -agentlib:jdwp=transport=dt_shmem,address=javadebug5699 --module-path=C:\Users\USER\Desktop\NetBeansProjects\Ferramentoteca\build\classes ferramentoteca.Main

Host: Intel(R) Core(TM) i7-7500U CPU @ 2.70GHz, 4 cores, 11G,  Windows 11 , 64 bit Build 22621 (10.0.22621.5262)
Time: Wed Jun  4 18:33:38 2025 Hora oficial do Brasil elapsed time: 2.146576 seconds (0d 0h 0m 2s)

---------------  T H R E A D  ---------------

Current thread (0x0000013b61bab0c0):  JavaThread "Unknown thread" [_thread_in_vm, id=4356, stack(0x000000379a400000,0x000000379a500000) (1024K)]

Stack: [0x000000379a400000,0x000000379a500000]
Native frames: (J=compiled Java code, j=interpreted, Vv=VM code, C=native code)
V  [jvm.dll+0x6e08b9]  (no source info available)
V  [jvm.dll+0x87dc83]  (no source info available)
V  [jvm.dll+0x88010e]  (no source info available)
V  [jvm.dll+0x8807e3]  (no source info available)
V  [jvm.dll+0x27aee6]  (no source info available)
V  [jvm.dll+0xb6a17]  (no source info available)
V  [jvm.dll+0x30eb10]  (no source info available)
V  [jvm.dll+0x30f615]  (no source info available)
V  [jvm.dll+0x3b9809]  (no source info available)
V  [jvm.dll+0x82d14c]  (no source info available)
V  [jvm.dll+0x454d4e]  (no source info available)
V  [jvm.dll+0x456bd1]  (no source info available)
C  [jli.dll+0x52a3]  (no source info available)
C  [ucrtbase.dll+0x29333]  (no source info available)
C  [KERNEL32.DLL+0x1259d]  (no source info available)
C  [ntdll.dll+0x5af58]  (no source info available)

Lock stack of current Java thread (top to bottom):


---------------  P R O C E S S  ---------------

Threads class SMR info:
_java_thread_list=0x00007ffd6a403618, length=0, elements={
}

Java Threads: ( => current thread )
Total: 0

Other Threads:

=>0x0000013b61bab0c0 (exited) JavaThread "Unknown thread"    [_thread_in_vm, id=4356, stack(0x000000379a400000,0x000000379a500000) (1024K)]
Total: 1

Threads with active compile tasks:
Total: 0

VM state: not at safepoint (not fully initialized)

VM Mutex/Monitor currently owned by a thread: None

Heap address: 0x0000000000000000, size: 0 MB, Compressed Oops mode: 32-bit

CDS archive(s) mapped at: [0x0000000000000000-0x0000000000000000-0x0000000000000000), size 0, SharedBaseAddress: 0x0000000800000000, ArchiveRelocationMode: 1.
Narrow klass base: 0x0000000000000000, Narrow klass shift: 0, Narrow klass range: 0x0

GC Precious Log:
<Not initialized>

Dll operation events (0 events):
No events

Deoptimization events (0 events):
No events

Classes loaded (0 events):
No events

Classes unloaded (0 events):
No events

Classes redefined (0 events):
No events

Internal exceptions (0 events):
No events

VM Operations (0 events):
No events

Memory protections (0 events):
No events

Nmethod flushes (0 events):
No events

Events (0 events):
No events


Dynamic libraries:
0x00007ff7215c0000 - 0x00007ff7215d0000 	C:\Program Files\Java\jdk-23\bin\java.exe
0x00007ffe02ff0000 - 0x00007ffe03207000 	C:\Windows\SYSTEM32\ntdll.dll
0x00007ffe01bb0000 - 0x00007ffe01c74000 	C:\Windows\System32\KERNEL32.DLL
0x00007ffe000e0000 - 0x00007ffe004b3000 	C:\Windows\System32\KERNELBASE.dll
0x00007ffe00580000 - 0x00007ffe00691000 	C:\Windows\System32\ucrtbase.dll
0x00007ffd8de80000 - 0x00007ffd8de97000 	C:\Program Files\Java\jdk-23\bin\jli.dll
0x00007ffe02c20000 - 0x00007ffe02dd1000 	C:\Windows\System32\USER32.dll
0x00007ffe00ae0000 - 0x00007ffe00b06000 	C:\Windows\System32\win32u.dll
0x00007ffe01b10000 - 0x00007ffe01b39000 	C:\Windows\System32\GDI32.dll
0x00007ffe00720000 - 0x00007ffe00842000 	C:\Windows\System32\gdi32full.dll
0x00007ffe00880000 - 0x00007ffe0091a000 	C:\Windows\System32\msvcp_win.dll
0x00007ffdf87c0000 - 0x00007ffdf87db000 	C:\Program Files\Java\jdk-23\bin\VCRUNTIME140.dll
0x00007ffdf34a0000 - 0x00007ffdf373b000 	C:\Windows\WinSxS\amd64_microsoft.windows.common-controls_6595b64144ccf1df_6.0.22621.5262_none_2712bde373830908\COMCTL32.dll
0x00007ffe00e80000 - 0x00007ffe00f27000 	C:\Windows\System32\msvcrt.dll
0x00007ffe02be0000 - 0x00007ffe02c11000 	C:\Windows\System32\IMM32.DLL
0x00007ffdfcf20000 - 0x00007ffdfcf2c000 	C:\Program Files\Java\jdk-23\bin\vcruntime140_1.dll
0x00007ffdf8480000 - 0x00007ffdf850e000 	C:\Program Files\Java\jdk-23\bin\msvcp140.dll
0x00007ffd69810000 - 0x00007ffd6a55f000 	C:\Program Files\Java\jdk-23\bin\server\jvm.dll
0x00007ffe01ca0000 - 0x00007ffe01d51000 	C:\Windows\System32\ADVAPI32.dll
0x00007ffe01230000 - 0x00007ffe012d7000 	C:\Windows\System32\sechost.dll
0x00007ffe00850000 - 0x00007ffe00878000 	C:\Windows\System32\bcrypt.dll
0x00007ffe02e90000 - 0x00007ffe02fa4000 	C:\Windows\System32\RPCRT4.dll
0x00007ffe00cf0000 - 0x00007ffe00d61000 	C:\Windows\System32\WS2_32.dll
0x00007ffdfff00000 - 0x00007ffdfff4d000 	C:\Windows\SYSTEM32\POWRPROF.dll
0x00007ffdfa1f0000 - 0x00007ffdfa224000 	C:\Windows\SYSTEM32\WINMM.dll
0x00007ffdfba10000 - 0x00007ffdfba1a000 	C:\Windows\SYSTEM32\VERSION.dll
0x00007ffdffde0000 - 0x00007ffdffdf3000 	C:\Windows\SYSTEM32\UMPDC.dll
0x00007ffdff120000 - 0x00007ffdff138000 	C:\Windows\SYSTEM32\kernel.appcore.dll
0x00007ffdf86e0000 - 0x00007ffdf86ea000 	C:\Program Files\Java\jdk-23\bin\jimage.dll
0x00007ffdefff0000 - 0x00007ffdf0222000 	C:\Windows\SYSTEM32\DBGHELP.DLL
0x00007ffe01fa0000 - 0x00007ffe02333000 	C:\Windows\System32\combase.dll
0x00007ffe01a30000 - 0x00007ffe01b07000 	C:\Windows\System32\OLEAUT32.dll
0x00007ffded040000 - 0x00007ffded072000 	C:\Windows\SYSTEM32\dbgcore.DLL
0x00007ffe00a60000 - 0x00007ffe00adb000 	C:\Windows\System32\bcryptPrimitives.dll
0x00007ffd8de00000 - 0x00007ffd8de3c000 	C:\Program Files\Java\jdk-23\bin\jdwp.dll

dbghelp: loaded successfully - version: 4.0.5 - missing functions: none
symbol engine: initialized successfully - sym options: 0x614 - pdb path: .;C:\Program Files\Java\jdk-23\bin;C:\Windows\SYSTEM32;C:\Windows\WinSxS\amd64_microsoft.windows.common-controls_6595b64144ccf1df_6.0.22621.5262_none_2712bde373830908;C:\Program Files\Java\jdk-23\bin\server

VM Arguments:
jvm_args: -Dfile.encoding=UTF-8 -agentlib:jdwp=transport=dt_shmem,address=javadebug5699 --module-path=C:\Users\USER\Desktop\NetBeansProjects\Ferramentoteca\build\classes 
java_command: ferramentoteca.Main
java_class_path (initial): C:\Users\USER\Downloads\mysql-connector-j-9.2.0\mysql-connector-j-9.2.0\mysql-connector-j-9.2.0.jar;C:\Users\USER\Desktop\NetBeansProjects\Ferramentoteca\build\classes
Launcher Type: SUN_STANDARD

[Global flags]
     uint ConcGCThreads                            = 1                                         {product} {ergonomic}
     uint G1ConcRefinementThreads                  = 4                                         {product} {ergonomic}
   size_t InitialHeapSize                          = 199848448                                 {product} {ergonomic}
   size_t MarkStackSize                            = 4194304                                   {product} {ergonomic}
   size_t MaxHeapSize                              = 3197575168                                {product} {ergonomic}
   size_t MinHeapSize                              = 6815736                                   {product} {ergonomic}
    uintx ReservedCodeCacheSize                    = 251658240                              {pd product} {ergonomic}
     bool SegmentedCodeCache                       = true                                      {product} {ergonomic}
     bool UseCompressedOops                        = true                           {product lp64_product} {ergonomic}
     bool UseG1GC                                  = true                                      {product} {ergonomic}
     bool UseLargePagesIndividualAllocation        = false                                  {pd product} {ergonomic}

Logging:
Log output configuration:
 #0: stdout all=warning uptime,level,tags foldmultilines=false
 #1: stderr all=off uptime,level,tags foldmultilines=false

Environment Variables:
JAVA_HOME=C:\Program Files\Java\jdk-23
PATH=C:\Program Files\Common Files\Oracle\Java\javapath;C:\Windows\system32;C:\Windows;C:\Windows\System32\Wbem;C:\Windows\System32\WindowsPowerShell\v1.0\;C:\Windows\System32\OpenSSH\;C:\ProgramData\UNIVALI\Portugol Studio;C:\Program Files\Git\cmd;C:\Users\USER\AppData\Local\Microsoft\WindowsApps;C:\Users\USER\AppData\Local\Programs\Microsoft VS Code\bin;C:\Users\USER\AppData\Local\GitHubDesktop\bin
USERNAME=USER
OS=Windows_NT
PROCESSOR_IDENTIFIER=Intel64 Family 6 Model 142 Stepping 9, GenuineIntel
TMP=C:\Users\USER\AppData\Local\Temp
TEMP=C:\Users\USER\AppData\Local\Temp




Periodic native trim disabled

---------------  S Y S T E M  ---------------

OS:
 Windows 11 , 64 bit Build 22621 (10.0.22621.5262)
OS uptime: 0 days 0:14 hours

CPU: total 4 (initial active 4) 
Processor Information for the first 4 processors :
  Max Mhz: 2904, Current Mhz: 2703, Mhz Limit: 2700

Memory: 4k page, system-wide physical 12197M (1641M free)
TotalPageFile size 40696M (AvailPageFile size 38M)
current process WorkingSet (physical memory assigned to process): 10M, peak: 10M
current process commit charge ("private bytes"): 3M, peak: 3M

vm_info: Java HotSpot(TM) 64-Bit Server VM (23.0.1+11-39) for windows-amd64 JRE (23.0.1+11-39), built on 2024-09-30T07:20:43Z with MS VC++ 17.6 (VS2022)

END.
