#
# A fatal error has been detected by the Java Runtime Environment:
#
#  EXCEPTION_ACCESS_VIOLATION (0xc0000005) at pc=0x00007ffb461f1b85, pid=21512, tid=21516
#
# JRE version:  (23.0.1+11) (build )
# Java VM: Java HotSpot(TM) 64-Bit Server VM (23.0.1+11-39, mixed mode, sharing, tiered, compressed class ptrs, unknown gc, windows-amd64)
# Problematic frame:
# C  [jimage.dll+0x1b85]
#
# No core dump will be written. Minidumps are not enabled by default on client versions of Windows
#
#

---------------  S U M M A R Y ------------

Command Line: 

Host: Intel(R) Core(TM) i7-7500U CPU @ 2.70GHz, 4 cores, 11G,  Windows 11 , 64 bit Build 22621 (10.0.22621.5262)
Time: Fri May 30 11:06:48 2025 Hora oficial do Brasil elapsed time: 0.025841 seconds (0d 0h 0m 0s)

---------------  T H R E A D  ---------------

Current thread is native thread

Stack: [0x000000cc6fd00000,0x000000cc6fe00000],  sp=0x000000cc6fdfe150,  free space=1016k
Native frames: (J=compiled Java code, j=interpreted, Vv=VM code, C=native code)
C  [jimage.dll+0x1b85]  (no source info available)
C  [jimage.dll+0x1d13]  (no source info available)
C  [jimage.dll+0x25dd]  (no source info available)
V  [jvm.dll+0x219f52]  (no source info available)
V  [jvm.dll+0xbfa50]  (no source info available)
V  [jvm.dll+0x82cf7c]  (no source info available)
V  [jvm.dll+0x454d4e]  (no source info available)
V  [jvm.dll+0x456bd1]  (no source info available)
C  [jli.dll+0x52a3]  (no source info available)
C  [ucrtbase.dll+0x29333]  (no source info available)
C  [KERNEL32.DLL+0x1259d]  (no source info available)
C  [ntdll.dll+0x5af58]  (no source info available)


siginfo: EXCEPTION_ACCESS_VIOLATION (0xc0000005), reading address 0x00000000000155cc


Registers:
RAX=0x000000000000556c, RBX=0x000000cc6fdfe241, RCX=0x00007ffb461f6000, RDX=0x000000000000556c
RSP=0x000000cc6fdfe150, RBP=0x000000cc6fdfe240, RSI=0x00000000000076f0, RDI=0x000000cc6fdfe240
R8 =0x00007ffb461f4298, R9 =0x000000000000001c, R10=0x00007ffb46200000, R11=0x00007ffb461f6000
R12=0x0000000000000000, R13=0x000000cc6fdffcb0, R14=0x000000cc6fdff2b0, R15=0x00007ffaac38c8a8
RIP=0x00007ffb461f1b85, EFLAGS=0x0000000000010246


Top of Stack: (sp=0x000000cc6fdfe150)
0x000000cc6fdfe150:   0000000000000000 0000000000000000
0x000000cc6fdfe160:   0000000000000000 0000000000000000
0x000000cc6fdfe170:   000002122472a7d0 00007ffb461f1d13
0x000000cc6fdfe180:   000000000000000b 000002122472a7d0
0x000000cc6fdfe190:   0000000000000000 0000000000000000
0x000000cc6fdfe1a0:   0000000000000000 0000000000000000
0x000000cc6fdfe1b0:   0000000000000000 0000000000000000
0x000000cc6fdfe1c0:   0000000000000000 0000000000000000
0x000000cc6fdfe1d0:   0000000000000000 0000000000000000
0x000000cc6fdfe1e0:   000008849073da39 0000000000000000
0x000000cc6fdfe1f0:   00007ffaac36a700 0000000000000017
0x000000cc6fdfe200:   000002122472a7d0 000000cc6fdff2b0
0x000000cc6fdfe210:   000000000000000b 00007ffb461f25dd
0x000000cc6fdfe220:   0000000000000000 0000000000000000
0x000000cc6fdfe230:   0000000000000000 0000000000000000
0x000000cc6fdfe240:   61622e6176616a2f 692f6b646a2f6573
0x000000cc6fdfe250:   2f6c616e7265746e 6f6974706f2f6d76
0x000000cc6fdfe260:   000000000000736e 0000000000000000
0x000000cc6fdfe270:   0000000000000000 0000000000000000
0x000000cc6fdfe280:   0000000000000000 0000000000000000
0x000000cc6fdfe290:   0000000000000000 0000000000000000
0x000000cc6fdfe2a0:   0000000000000000 0000000000000000
0x000000cc6fdfe2b0:   0000000000000000 0000000000000000
0x000000cc6fdfe2c0:   0000000000000000 0000000000000000
0x000000cc6fdfe2d0:   0000000000000000 0000000000000000
0x000000cc6fdfe2e0:   0000000000000000 0000000000000000
0x000000cc6fdfe2f0:   0000000000000000 0000000000000000
0x000000cc6fdfe300:   0000000000000000 0000000000000000
0x000000cc6fdfe310:   0000000000000000 0000000000000000
0x000000cc6fdfe320:   0000000000000000 0000000000000000
0x000000cc6fdfe330:   0000000000000000 0000000000000000
0x000000cc6fdfe340:   0000000000000000 0000000000000000 

Instructions: (pc=0x00007ffb461f1b85)
0x00007ffb461f1a85:   48 85 c9 74 1d 80 3d 7f 45 00 00 00 74 06 48 8b
0x00007ffb461f1a95:   53 18 eb 04 48 8b 53 40 e8 9a 0e 00 00 48 83 63
0x00007ffb461f1aa5:   48 00 8b 4b 0c 83 f9 ff 74 09 e8 d0 0c 00 00 83
0x00007ffb461f1ab5:   4b 0c ff 48 8b 4b 70 48 85 c9 74 0f ba 10 00 00
0x00007ffb461f1ac5:   00 e8 f1 0e 00 00 48 83 63 70 00 48 83 c4 20 5b
0x00007ffb461f1ad5:   c3 cc cc 40 53 48 83 ec 20 48 8b d9 48 8d 0d 38
0x00007ffb461f1ae5:   47 00 00 e8 9f 0c 00 00 83 6b 08 01 75 24 48 8b
0x00007ffb461f1af5:   d3 48 8d 0d 1b 45 00 00 e8 22 08 00 00 48 8b cb
0x00007ffb461f1b05:   e8 d6 fe ff ff ba 78 00 00 00 48 8b cb e8 a5 0e
0x00007ffb461f1b15:   00 00 48 8d 0d 02 47 00 00 48 83 c4 20 5b e9 6c
0x00007ffb461f1b25:   0c 00 00 48 89 5c 24 08 48 89 74 24 10 57 48 83
0x00007ffb461f1b35:   ec 20 41 8b f1 4d 8b c8 48 8b fa 4c 8b d9 4d 85
0x00007ffb461f1b45:   c0 74 78 85 f6 74 74 44 8a 12 48 8d 5a 01 48 8b
0x00007ffb461f1b55:   d3 b8 93 01 00 01 eb 12 69 c0 93 01 00 01 41 0f
0x00007ffb461f1b65:   b6 ca 44 8a 12 33 c1 48 ff c2 45 84 d2 75 e9 4d
0x00007ffb461f1b75:   8b 03 0f ba f0 1f 33 d2 49 8b cb f7 f6 48 63 c2
0x00007ffb461f1b85:   41 8b 14 81 41 ff 50 08 85 c0 7e 24 8a 0f eb 10
0x00007ffb461f1b95:   69 c0 93 01 00 01 0f b6 c9 33 c1 8a 0b 48 ff c3
0x00007ffb461f1ba5:   84 c9 75 ec 0f ba f0 1f 33 d2 f7 f6 8b c2 eb 0e
0x00007ffb461f1bb5:   79 09 83 c9 ff 2b c8 8b c1 eb 03 83 c8 ff 48 8b
0x00007ffb461f1bc5:   5c 24 30 48 8b 74 24 38 48 83 c4 20 5f c3 cc 48
0x00007ffb461f1bd5:   89 5c 24 08 48 89 74 24 10 57 48 83 ec 20 48 8b
0x00007ffb461f1be5:   f1 48 8d 0d 33 46 00 00 e8 9a 0b 00 00 33 ff 39
0x00007ffb461f1bf5:   3d 1e 44 00 00 76 24 48 8b 05 1d 44 00 00 48 8b
0x00007ffb461f1c05:   d6 48 8b 1c f8 48 8b 0b e8 68 1e 00 00 85 c0 74
0x00007ffb461f1c15:   2b ff c7 3b 3d fa 43 00 00 72 dc 33 db 48 8d 0d
0x00007ffb461f1c25:   f7 45 00 00 e8 66 0b 00 00 48 8b 74 24 38 48 8b
0x00007ffb461f1c35:   c3 48 8b 5c 24 30 48 83 c4 20 5f c3 ff 43 08 eb
0x00007ffb461f1c45:   dc cc cc 48 89 5c 24 08 48 89 74 24 10 57 48 83
0x00007ffb461f1c55:   ec 20 48 8b d9 48 8b f2 48 8b 49 10 49 8b f8 8b
0x00007ffb461f1c65:   53 30 48 8b 01 ff 50 20 4c 8b 43 50 48 8b d6 48
0x00007ffb461f1c75:   8b 4b 10 44 8b c8 e8 a8 fe ff ff 83 f8 ff 74 38 



---------------  P R O C E S S  ---------------

VM state: not at safepoint (not fully initialized)

VM Mutex/Monitor currently owned by a thread: None

CDS archive(s) mapped at: [0x0000000000000000-0x0000000000000000-0x0000000000000000), size 0, SharedBaseAddress: 0x0000000800000000, ArchiveRelocationMode: 1.
Narrow klass base: 0x0000000000000000, Narrow klass shift: 0, Narrow klass range: 0x0

GC Precious Log:
<Not initialized>


Dynamic libraries:
0x00007ff6c1070000 - 0x00007ff6c1080000 	C:\Program Files\Java\jdk-23\bin\java.exe
0x00007ffb4c830000 - 0x00007ffb4ca47000 	C:\Windows\SYSTEM32\ntdll.dll
0x00007ffb4b190000 - 0x00007ffb4b254000 	C:\Windows\System32\KERNEL32.DLL
0x00007ffb49950000 - 0x00007ffb49d23000 	C:\Windows\System32\KERNELBASE.dll
0x00007ffb49db0000 - 0x00007ffb49ec1000 	C:\Windows\System32\ucrtbase.dll
0x00007ffb46200000 - 0x00007ffb4621b000 	C:\Program Files\Java\jdk-23\bin\VCRUNTIME140.dll
0x00007ffb12390000 - 0x00007ffb123a7000 	C:\Program Files\Java\jdk-23\bin\jli.dll
0x00007ffb4afd0000 - 0x00007ffb4b181000 	C:\Windows\System32\USER32.dll
0x00007ffb49920000 - 0x00007ffb49946000 	C:\Windows\System32\win32u.dll
0x00007ffb4a4e0000 - 0x00007ffb4a509000 	C:\Windows\System32\GDI32.dll
0x00007ffb4a2d0000 - 0x00007ffb4a3f2000 	C:\Windows\System32\gdi32full.dll
0x00007ffb49f00000 - 0x00007ffb49f9a000 	C:\Windows\System32\msvcp_win.dll
0x00007ffb3ba80000 - 0x00007ffb3bd1b000 	C:\Windows\WinSxS\amd64_microsoft.windows.common-controls_6595b64144ccf1df_6.0.22621.5262_none_2712bde373830908\COMCTL32.dll
0x00007ffb4b600000 - 0x00007ffb4b6a7000 	C:\Windows\System32\msvcrt.dll
0x00007ffb4c7b0000 - 0x00007ffb4c7e1000 	C:\Windows\System32\IMM32.DLL
0x00007ffb46400000 - 0x00007ffb4640c000 	C:\Program Files\Java\jdk-23\bin\vcruntime140_1.dll
0x00007ffaf0cb0000 - 0x00007ffaf0d3e000 	C:\Program Files\Java\jdk-23\bin\msvcp140.dll
0x00007ffaab9b0000 - 0x00007ffaac6ff000 	C:\Program Files\Java\jdk-23\bin\server\jvm.dll
0x00007ffb4aae0000 - 0x00007ffb4ab91000 	C:\Windows\System32\ADVAPI32.dll
0x00007ffb4b550000 - 0x00007ffb4b5f7000 	C:\Windows\System32\sechost.dll
0x00007ffb49ed0000 - 0x00007ffb49ef8000 	C:\Windows\System32\bcrypt.dll
0x00007ffb4c2e0000 - 0x00007ffb4c3f4000 	C:\Windows\System32\RPCRT4.dll
0x00007ffb4a9f0000 - 0x00007ffb4aa61000 	C:\Windows\System32\WS2_32.dll
0x00007ffb487b0000 - 0x00007ffb487fd000 	C:\Windows\SYSTEM32\POWRPROF.dll
0x00007ffb42b80000 - 0x00007ffb42bb4000 	C:\Windows\SYSTEM32\WINMM.dll
0x00007ffb44a60000 - 0x00007ffb44a6a000 	C:\Windows\SYSTEM32\VERSION.dll
0x00007ffb48790000 - 0x00007ffb487a3000 	C:\Windows\SYSTEM32\UMPDC.dll
0x00007ffb48a50000 - 0x00007ffb48a68000 	C:\Windows\SYSTEM32\kernel.appcore.dll
0x00007ffb461f0000 - 0x00007ffb461fa000 	C:\Program Files\Java\jdk-23\bin\jimage.dll
0x00007ffb38900000 - 0x00007ffb38b32000 	C:\Windows\SYSTEM32\DBGHELP.DLL
0x00007ffb4c400000 - 0x00007ffb4c793000 	C:\Windows\System32\combase.dll
0x00007ffb4b470000 - 0x00007ffb4b547000 	C:\Windows\System32\OLEAUT32.dll
0x00007ffb352a0000 - 0x00007ffb352d2000 	C:\Windows\SYSTEM32\dbgcore.DLL
0x00007ffb4a250000 - 0x00007ffb4a2cb000 	C:\Windows\System32\bcryptPrimitives.dll

dbghelp: loaded successfully - version: 4.0.5 - missing functions: none
symbol engine: initialized successfully - sym options: 0x614 - pdb path: .;C:\Program Files\Java\jdk-23\bin;C:\Windows\SYSTEM32;C:\Windows\WinSxS\amd64_microsoft.windows.common-controls_6595b64144ccf1df_6.0.22621.5262_none_2712bde373830908;C:\Program Files\Java\jdk-23\bin\server

VM Arguments:
java_command: <unknown>
java_class_path (initial): <not set>
Launcher Type: SUN_STANDARD

[Global flags]
     bool UseLargePagesIndividualAllocation        = false                                  {pd product} {ergonomic}

Logging:
Log output configuration:
 #0: stdout all=warning uptime,level,tags foldmultilines=false
 #1: stderr all=off uptime,level,tags foldmultilines=false

Environment Variables:
JAVA_HOME=C:\Program Files\Java\jdk-23
PATH=C:\Program Files\Common Files\Oracle\Java\javapath;C:\Windows\system32;C:\Windows;C:\Windows\System32\Wbem;C:\Windows\System32\WindowsPowerShell\v1.0\;C:\Windows\System32\OpenSSH\;C:\ProgramData\UNIVALI\Portugol Studio;C:\Users\USER\AppData\Local\Microsoft\WindowsApps;C:\Users\USER\AppData\Local\Programs\Microsoft VS Code\bin
USERNAME=USER
OS=Windows_NT
PROCESSOR_IDENTIFIER=Intel64 Family 6 Model 142 Stepping 9, GenuineIntel
TMP=C:\Users\USER\AppData\Local\Temp
TEMP=C:\Users\USER\AppData\Local\Temp




Periodic native trim disabled

---------------  S Y S T E M  ---------------

OS:
 Windows 11 , 64 bit Build 22621 (10.0.22621.5262)
OS uptime: 2 days 23:36 hours

CPU: total 4 (initial active 0) 
Processor Information for the first 4 processors :
  Max Mhz: 2904, Current Mhz: 2703, Mhz Limit: 2700

Memory: 4k page, system-wide physical 12197M (854M free)
TotalPageFile size 40696M (AvailPageFile size 3M)
current process WorkingSet (physical memory assigned to process): 9M, peak: 9M
current process commit charge ("private bytes"): 3M, peak: 3M

vm_info: Java HotSpot(TM) 64-Bit Server VM (23.0.1+11-39) for windows-amd64 JRE (23.0.1+11-39), built on 2024-09-30T07:20:43Z with MS VC++ 17.6 (VS2022)

END.
