#
# There is insufficient memory for the Java Runtime Environment to continue.
# Native memory allocation (mmap) failed to map 201326592 bytes. Error detail: G1 virtual space
# Possible reasons:
#   The system is out of physical RAM or swap space
#   This process is running with CompressedOops enabled, and the Java Heap may be blocking the growth of the native heap
# Possible solutions:
#   Reduce memory load on the system
#   Increase physical memory or swap space
#   Check if swap backing store is full
#   Decrease Java heap size (-Xmx/-Xms)
#   Decrease number of Java threads
#   Decrease Java thread stack sizes (-Xss)
#   Set larger code cache with -XX:ReservedCodeCacheSize=
#   JVM is running with Zero Based Compressed Oops mode in which the Java heap is
#     placed in the first 32GB address space. The Java Heap base address is the
#     maximum limit for the native heap growth. Please use -XX:HeapBaseMinAddress
#     to set the Java Heap base and to place the Java Heap above 32GB virtual address.
# This output file may be truncated or incomplete.
#
#  Out of Memory Error (os_windows.cpp:3703), pid=30012, tid=30416
#
# JRE version:  (23.0.1+11) (build )
# Java VM: Java HotSpot(TM) 64-Bit Server VM (23.0.1+11-39, mixed mode, sharing, tiered, compressed oops, compressed class ptrs, g1 gc, windows-amd64)
# No core dump will be written. Minidumps are not enabled by default on client versions of Windows
#

---------------  S U M M A R Y ------------

Command Line: -Dfile.encoding=UTF-8 -agentlib:jdwp=transport=dt_shmem,address=javadebug990 --module-path=C:\Users\USER\Desktop\NetBeansProjects\Ferramentoteca\build\classes ferramentoteca.Main

Host: Intel(R) Core(TM) i7-7500U CPU @ 2.70GHz, 4 cores, 11G,  Windows 11 , 64 bit Build 22621 (10.0.22621.5262)
Time: Fri May 23 14:10:05 2025 Hora oficial do Brasil elapsed time: 0.017333 seconds (0d 0h 0m 0s)

---------------  T H R E A D  ---------------

Current thread (0x0000018567d1b3f0):  JavaThread "Unknown thread" [_thread_in_vm, id=30416, stack(0x0000008470600000,0x0000008470700000) (1024K)]

Stack: [0x0000008470600000,0x0000008470700000]
Native frames: (J=compiled Java code, j=interpreted, Vv=VM code, C=native code)
V  [jvm.dll+0x6e08b9]  (no source info available)
V  [jvm.dll+0x87dc83]  (no source info available)
V  [jvm.dll+0x88010e]  (no source info available)
V  [jvm.dll+0x8807e3]  (no source info available)
V  [jvm.dll+0x27aee6]  (no source info available)
V  [jvm.dll+0x6dd1c5]  (no source info available)
V  [jvm.dll+0x6d104a]  (no source info available)
V  [jvm.dll+0x35b3ea]  (no source info available)
V  [jvm.dll+0x3637f6]  (no source info available)
V  [jvm.dll+0x34fd5e]  (no source info available)
V  [jvm.dll+0x34fff8]  (no source info available)
V  [jvm.dll+0x3289cc]  (no source info available)
V  [jvm.dll+0x32966e]  (no source info available)
V  [jvm.dll+0x844355]  (no source info available)
V  [jvm.dll+0x3b9848]  (no source info available)
V  [jvm.dll+0x82d14c]  (no source info available)
V  [jvm.dll+0x454d4e]  (no source info available)
V  [jvm.dll+0x456bd1]  (no source info available)
C  [jli.dll+0x52a3]  (no source info available)
C  [ucrtbase.dll+0x29333]  (no source info available)
C  [KERNEL32.DLL+0x1259d]  (no source info available)
C  [ntdll.dll+0x5af58]  (no source info available)

Lock stack of current Java thread (top to bottom):


---------------  P R O C E S S  ---------------

Threads class SMR info:
_java_thread_list=0x00007ffa22333618, length=0, elements={
}

Java Threads: ( => current thread )
Total: 0

Other Threads:
  0x000001856a0ac470 WorkerThread "GC Thread#0"                     [id=7340, stack(0x0000008470800000,0x0000008470900000) (1024K)]
  0x000001856a0bc2f0 ConcurrentGCThread "G1 Main Marker"            [id=29912, stack(0x0000008470900000,0x0000008470a00000) (1024K)]
  0x000001856a0bce00 WorkerThread "G1 Conc#0"                       [id=25768, stack(0x0000008470a00000,0x0000008470b00000) (1024K)]

[error occurred during error reporting (printing all threads), id 0xc0000005, EXCEPTION_ACCESS_VIOLATION (0xc0000005) at pc=0x00007ffa21a7bfba]
VM state: not at safepoint (not fully initialized)

VM Mutex/Monitor currently owned by a thread:  ([mutex/lock_event])
[0x00007ffa223b3a10] Heap_lock - owner thread: 0x0000018567d1b3f0

Heap address: 0x0000000741600000, size: 3050 MB, Compressed Oops mode: Zero based, Oop shift amount: 3

CDS archive(s) mapped at: [0x0000000000000000-0x0000000000000000-0x0000000000000000), size 0, SharedBaseAddress: 0x0000000800000000, ArchiveRelocationMode: 1.
Narrow klass base: 0x0000000000000000, Narrow klass shift: 0, Narrow klass range: 0x0

GC Precious Log:
 CardTable entry size: 512
 Card Set container configuration: InlinePtr #cards 4 size 8 Array Of Cards #cards 16 size 48 Howl #buckets 8 coarsen threshold 3686 Howl Bitmap #cards 512 size 80 coarsen threshold 460 Card regions per heap region 1 cards per card region 4096

Heap:
 garbage-first heap   total reserved 3123200K, committed 0K, used 0K [0x0000000741600000, 0x0000000800000000)
  region size 2048K, 0 young (0K), 0 survivors (0K)

[error occurred during error reporting (printing heap information), id 0xc0000005, EXCEPTION_ACCESS_VIOLATION (0xc0000005) at pc=0x00007ffa21e7c3c9]
GC Heap History (0 events):
No events

Dll operation events (1 events):
Event: 0.013 Loaded shared library C:\Program Files\Java\jdk-23\bin\java.dll

Deoptimization events (0 events):
No events

Classes loaded (0 events):
No events

Classes unloaded (0 events):
No events

Classes redefined (0 events):
No events

Internal exceptions (0 events):
No events

VM Operations (0 events):
No events

Memory protections (0 events):
No events

Nmethod flushes (0 events):
No events

Events (0 events):
No events


Dynamic libraries:
0x00007ff693720000 - 0x00007ff693730000 	C:\Program Files\Java\jdk-23\bin\java.exe
0x00007ffabe3d0000 - 0x00007ffabe5e7000 	C:\Windows\SYSTEM32\ntdll.dll
0x00007ffabc600000 - 0x00007ffabc6c4000 	C:\Windows\System32\KERNEL32.DLL
0x00007ffabb610000 - 0x00007ffabb9e3000 	C:\Windows\System32\KERNELBASE.dll
0x00007ffabb4f0000 - 0x00007ffabb601000 	C:\Windows\System32\ucrtbase.dll
0x00007ffaae9f0000 - 0x00007ffaaea07000 	C:\Program Files\Java\jdk-23\bin\jli.dll
0x00007ffabc880000 - 0x00007ffabca31000 	C:\Windows\System32\USER32.dll
0x00007ffabb4c0000 - 0x00007ffabb4e6000 	C:\Windows\System32\win32u.dll
0x00007ffabc840000 - 0x00007ffabc869000 	C:\Windows\System32\GDI32.dll
0x00007ffabbd40000 - 0x00007ffabbe62000 	C:\Windows\System32\gdi32full.dll
0x00007ffabbca0000 - 0x00007ffabbd3a000 	C:\Windows\System32\msvcp_win.dll
0x00007ffab3ee0000 - 0x00007ffab3efb000 	C:\Program Files\Java\jdk-23\bin\VCRUNTIME140.dll
0x00007ffaae0d0000 - 0x00007ffaae36b000 	C:\Windows\WinSxS\amd64_microsoft.windows.common-controls_6595b64144ccf1df_6.0.22621.5262_none_2712bde373830908\COMCTL32.dll
0x00007ffabcac0000 - 0x00007ffabcb67000 	C:\Windows\System32\msvcrt.dll
0x00007ffabc5c0000 - 0x00007ffabc5f1000 	C:\Windows\System32\IMM32.DLL
0x00007ffab2d20000 - 0x00007ffab2d2c000 	C:\Program Files\Java\jdk-23\bin\vcruntime140_1.dll
0x00007ffa851a0000 - 0x00007ffa8522e000 	C:\Program Files\Java\jdk-23\bin\msvcp140.dll
0x00007ffa21740000 - 0x00007ffa2248f000 	C:\Program Files\Java\jdk-23\bin\server\jvm.dll
0x00007ffabd060000 - 0x00007ffabd111000 	C:\Windows\System32\ADVAPI32.dll
0x00007ffabddd0000 - 0x00007ffabde77000 	C:\Windows\System32\sechost.dll
0x00007ffabbe70000 - 0x00007ffabbe98000 	C:\Windows\System32\bcrypt.dll
0x00007ffabe240000 - 0x00007ffabe354000 	C:\Windows\System32\RPCRT4.dll
0x00007ffabca40000 - 0x00007ffabcab1000 	C:\Windows\System32\WS2_32.dll
0x00007ffaba3f0000 - 0x00007ffaba43d000 	C:\Windows\SYSTEM32\POWRPROF.dll
0x00007ffab5180000 - 0x00007ffab51b4000 	C:\Windows\SYSTEM32\WINMM.dll
0x00007ffab5aa0000 - 0x00007ffab5aaa000 	C:\Windows\SYSTEM32\VERSION.dll
0x00007ffaba370000 - 0x00007ffaba383000 	C:\Windows\SYSTEM32\UMPDC.dll
0x00007ffaba5f0000 - 0x00007ffaba608000 	C:\Windows\SYSTEM32\kernel.appcore.dll
0x00007ffab2ca0000 - 0x00007ffab2caa000 	C:\Program Files\Java\jdk-23\bin\jimage.dll
0x00007ffab3790000 - 0x00007ffab39c2000 	C:\Windows\SYSTEM32\DBGHELP.DLL
0x00007ffabde80000 - 0x00007ffabe213000 	C:\Windows\System32\combase.dll
0x00007ffabdcf0000 - 0x00007ffabddc7000 	C:\Windows\System32\OLEAUT32.dll
0x00007ffab31e0000 - 0x00007ffab3212000 	C:\Windows\SYSTEM32\dbgcore.DLL
0x00007ffabbfe0000 - 0x00007ffabc05b000 	C:\Windows\System32\bcryptPrimitives.dll
0x00007ffaae570000 - 0x00007ffaae5ac000 	C:\Program Files\Java\jdk-23\bin\jdwp.dll
0x00007ffab1f50000 - 0x00007ffab1f6e000 	C:\Program Files\Java\jdk-23\bin\java.dll
0x00007ffabc270000 - 0x00007ffabc411000 	C:\Windows\System32\ole32.dll
0x00007ffabd450000 - 0x00007ffabdced000 	C:\Windows\System32\SHELL32.dll
0x00007ffabb9f0000 - 0x00007ffabbb2f000 	C:\Windows\System32\wintypes.dll

dbghelp: loaded successfully - version: 4.0.5 - missing functions: none
symbol engine: initialized successfully - sym options: 0x614 - pdb path: .;C:\Program Files\Java\jdk-23\bin;C:\Windows\SYSTEM32;C:\Windows\WinSxS\amd64_microsoft.windows.common-controls_6595b64144ccf1df_6.0.22621.5262_none_2712bde373830908;C:\Program Files\Java\jdk-23\bin\server

VM Arguments:
jvm_args: -Dfile.encoding=UTF-8 -agentlib:jdwp=transport=dt_shmem,address=javadebug990 --module-path=C:\Users\USER\Desktop\NetBeansProjects\Ferramentoteca\build\classes 
java_command: ferramentoteca.Main
java_class_path (initial): C:\Users\USER\Downloads\mysql-connector-j-9.2.0\mysql-connector-j-9.2.0\mysql-connector-j-9.2.0.jar;C:\Users\USER\Desktop\NetBeansProjects\Ferramentoteca\build\classes
Launcher Type: SUN_STANDARD

[Global flags]
     intx CICompilerCount                          = 3                                         {product} {ergonomic}
     uint ConcGCThreads                            = 1                                         {product} {ergonomic}
     uint G1ConcRefinementThreads                  = 4                                         {product} {ergonomic}
   size_t G1HeapRegionSize                         = 2097152                                   {product} {ergonomic}
   size_t InitialHeapSize                          = 201326592                                 {product} {ergonomic}
   size_t MarkStackSize                            = 4194304                                   {product} {ergonomic}
   size_t MarkStackSizeMax                         = 536870912                                 {product} {ergonomic}
   size_t MaxHeapSize                              = 3198156800                                {product} {ergonomic}
   size_t MinHeapDeltaBytes                        = 2097152                                   {product} {ergonomic}
   size_t MinHeapSize                              = 8388608                                   {product} {ergonomic}
    uintx NonNMethodCodeHeapSize                   = 5832704                                {pd product} {ergonomic}
    uintx NonProfiledCodeHeapSize                  = 122945536                              {pd product} {ergonomic}
    uintx ProfiledCodeHeapSize                     = 122880000                              {pd product} {ergonomic}
    uintx ReservedCodeCacheSize                    = 251658240                              {pd product} {ergonomic}
     bool SegmentedCodeCache                       = true                                      {product} {ergonomic}
   size_t SoftMaxHeapSize                          = 3198156800                             {manageable} {ergonomic}
     bool UseCompressedOops                        = true                           {product lp64_product} {ergonomic}
     bool UseG1GC                                  = true                                      {product} {ergonomic}
     bool UseLargePagesIndividualAllocation        = false                                  {pd product} {ergonomic}

Logging:
Log output configuration:
 #0: stdout all=warning uptime,level,tags foldmultilines=false
 #1: stderr all=off uptime,level,tags foldmultilines=false

Environment Variables:
JAVA_HOME=C:\Program Files\Java\jdk-23
PATH=C:\Program Files\Common Files\Oracle\Java\javapath;C:\Windows\system32;C:\Windows;C:\Windows\System32\Wbem;C:\Windows\System32\WindowsPowerShell\v1.0\;C:\Windows\System32\OpenSSH\;C:\ProgramData\UNIVALI\Portugol Studio;C:\Users\USER\AppData\Local\Microsoft\WindowsApps;C:\Users\USER\AppData\Local\Programs\Microsoft VS Code\bin
USERNAME=USER
OS=Windows_NT
PROCESSOR_IDENTIFIER=Intel64 Family 6 Model 142 Stepping 9, GenuineIntel
TMP=C:\Users\USER\AppData\Local\Temp
TEMP=C:\Users\USER\AppData\Local\Temp




Periodic native trim disabled

---------------  S Y S T E M  ---------------

OS:
 Windows 11 , 64 bit Build 22621 (10.0.22621.5262)
OS uptime: 9 days 1:38 hours

CPU: total 4 (initial active 4) (2 cores per cpu, 2 threads per core) family 6 model 142 stepping 9 microcode 0xde, cx8, cmov, fxsr, ht, mmx, 3dnowpref, sse, sse2, sse3, ssse3, sse4.1, sse4.2, popcnt, lzcnt, tsc, tscinvbit, avx, avx2, aes, erms, clmul, bmi1, bmi2, adx, fma, vzeroupper, clflush, clflushopt, rdtscp, f16c
Processor Information for the first 4 processors :
  Max Mhz: 2904, Current Mhz: 2703, Mhz Limit: 2700

Memory: 4k page, system-wide physical 12197M (739M free)
TotalPageFile size 40696M (AvailPageFile size 407M)
current process WorkingSet (physical memory assigned to process): 12M, peak: 12M
current process commit charge ("private bytes"): 52M, peak: 244M

vm_info: Java HotSpot(TM) 64-Bit Server VM (23.0.1+11-39) for windows-amd64 JRE (23.0.1+11-39), built on 2024-09-30T07:20:43Z with MS VC++ 17.6 (VS2022)

END.
